<?xml version="1.0" encoding="UTF-8"?>
<!-- Generated by org.testng.reporters.JUnitReportReporter -->
<testsuite hostname="com-PC" name="Scribble.JewelleryDrop" tests="1" failures="0" timestamp="5 Nov 2017 15:08:33 GMT" time="107.435" errors="0">
  <testcase name="jewelleryDropSelect" time="107.435" classname="Scribble.JewelleryDrop"/>
</testsuite> <!-- Scribble.JewelleryDrop -->
