<?xml version="1.0" encoding="UTF-8"?>
<!-- Generated by org.testng.reporters.JUnitReportReporter -->
<testsuite hostname="com-PC" name="Scribble.SignUp" tests="1" failures="0" timestamp="4 Nov 2017 17:30:25 GMT" time="0.001" errors="1">
  <testcase name="signUp" time="0.001" classname="Scribble.SignUp">
    <error type="org.openqa.selenium.WebDriverException" message="Failed to connect to binary FirefoxBinary(C:\Program Files\Mozilla Firefox\firefox.exe) on port 7055; process output follows: 
assic/1.0&quot;,&quot;updateURL&quot;:null,&quot;updateKey&quot;:null,&quot;optionsURL&quot;:null,&quot;optionsType&quot;:null,&quot;aboutURL&quot;:null,&quot;icons&quot;:{&quot;32&quot;:&quot;icon.png&quot;,&quot;48&quot;:&quot;icon.png&quot;},&quot;iconURL&quot;:null,&quot;icon64URL&quot;:null,&quot;defaultLocale&quot;:{&quot;name&quot;:&quot;Default&quot;,&quot;description&quot;:&quot;The default theme.&quot;,&quot;creator&quot;:&quot;Mozilla&quot;,&quot;homepageURL&quot;:null,&quot;contributors&quot;:[&quot;Mozilla Contributors&quot;]},&quot;visible&quot;:true,&quot;active&quot;:true,&quot;userDisabled&quot;:false,&quot;appDisabled&quot;:false,&quot;descriptor&quot;:&quot;C:\\Program Files\\Mozilla Firefox\\browser\\extensions\\{972ce4c6-7e08-4474-a285-3208198ce6fd}.xpi&quot;,&quot;installDate&quot;:1502087858041,&quot;updateDate&quot;:1502087858041,&quot;applyBackgroundUpdates&quot;:1,&quot;skinnable&quot;:true,&quot;size&quot;:21899,&quot;sourceURI&quot;:null,&quot;releaseNotesURI&quot;:null,&quot;softDisabled&quot;:false,&quot;foreignInstall&quot;:false,&quot;hasBinaryComponents&quot;:false,&quot;strictCompatibility&quot;:true,&quot;locales&quot;:[],&quot;targetApplications&quot;:[{&quot;id&quot;:&quot;{ec8030f7-c20a-464f-9b0e-13a3a9e97384}&quot;,&quot;minVersion&quot;:&quot;48.0&quot;,&quot;maxVersion&quot;:&quot;48.0&quot;}],&quot;targetPlatforms&quot;:[],&quot;seen&quot;:true}
1509816581052	addons.xpi	DEBUG	getModTime: Recursive scan of {972ce4c6-7e08-4474-a285-3208198ce6fd}
1509816581054	DeferredSave.extensions.json	DEBUG	Save changes
1509816581054	addons.xpi	DEBUG	Updating database with changes to installed add-ons
1509816581054	addons.xpi-utils	DEBUG	Updating add-on states
1509816581056	addons.xpi-utils	DEBUG	Writing add-ons list
1509816581061	addons.xpi	DEBUG	Registering manifest for C:\Program Files\Mozilla Firefox\browser\features\e10srollout@mozilla.org.xpi
1509816581062	addons.xpi	DEBUG	Calling bootstrap method startup on e10srollout@mozilla.org version 1.0
1509816581062	addons.xpi	DEBUG	Registering manifest for C:\Program Files\Mozilla Firefox\browser\features\firefox@getpocket.com.xpi
1509816581063	addons.xpi	DEBUG	Calling bootstrap method startup on firefox@getpocket.com version 1.0.4
1509816581064	addons.xpi	DEBUG	Registering manifest for C:\Program Files\Mozilla Firefox\browser\features\loop@mozilla.org.xpi
1509816581066	addons.xpi	DEBUG	Calling bootstrap method startup on loop@mozilla.org version 1.4.3
1509816581095	addons.manager	DEBUG	Registering shutdown blocker for XPIProvider
1509816581095	addons.manager	DEBUG	Provider finished startup: XPIProvider
1509816581095	addons.manager	DEBUG	Starting provider: LightweightThemeManager
1509816581096	addons.manager	DEBUG	Registering shutdown blocker for LightweightThemeManager
1509816581096	addons.manager	DEBUG	Provider finished startup: LightweightThemeManager
1509816581096	addons.manager	DEBUG	Starting provider: GMPProvider
1509816581106	addons.manager	DEBUG	Registering shutdown blocker for GMPProvider
1509816581107	addons.manager	DEBUG	Provider finished startup: GMPProvider
1509816581107	addons.manager	DEBUG	Starting provider: PluginProvider
1509816581107	addons.manager	DEBUG	Registering shutdown blocker for PluginProvider
1509816581108	addons.manager	DEBUG	Provider finished startup: PluginProvider
1509816581108	addons.manager	DEBUG	Completed startup sequence
1509816582851	addons.manager	DEBUG	Starting provider: &lt;unnamed-provider&gt;
1509816582852	addons.manager	DEBUG	Registering shutdown blocker for &lt;unnamed-provider&gt;
1509816582852	addons.manager	DEBUG	Provider finished startup: &lt;unnamed-provider&gt;
1509816583429	DeferredSave.extensions.json	DEBUG	Write succeeded
1509816583429	addons.xpi-utils	DEBUG	XPI Database saved, setting schema version preference to 17
1509816583429	DeferredSave.extensions.json	DEBUG	Starting timer
1509816583453	addons.repository	DEBUG	No addons.json found.
1509816583454	DeferredSave.addons.json	DEBUG	Save changes
1509816583458	DeferredSave.addons.json	DEBUG	Starting timer
1509816583589	addons.manager	DEBUG	Starting provider: PreviousExperimentProvider
1509816583589	addons.manager	DEBUG	Registering shutdown blocker for PreviousExperimentProvider
1509816583590	addons.manager	DEBUG	Provider finished startup: PreviousExperimentProvider
1509816583593	DeferredSave.extensions.json	DEBUG	Starting write
1509816583599	DeferredSave.addons.json	DEBUG	Starting write
1509816583658	DeferredSave.extensions.json	DEBUG	Write succeeded
1509816583669	DeferredSave.addons.json	DEBUG	Write succeeded

Build info: version: &#039;2.53.1&#039;, revision: &#039;a36b8b1&#039;, time: &#039;2016-06-30 17:37:03&#039;
System info: host: &#039;com-PC&#039;, ip: &#039;192.168.217.1&#039;, os.name: &#039;Windows 7&#039;, os.arch: &#039;x86&#039;, os.version: &#039;6.1&#039;, java.version: &#039;1.8.0_131&#039;
Driver info: driver.version: FirefoxDriver">
      <![CDATA[org.openqa.selenium.WebDriverException: Failed to connect to binary FirefoxBinary(C:\Program Files\Mozilla Firefox\firefox.exe) on port 7055; process output follows: 
assic/1.0","updateURL":null,"updateKey":null,"optionsURL":null,"optionsType":null,"aboutURL":null,"icons":{"32":"icon.png","48":"icon.png"},"iconURL":null,"icon64URL":null,"defaultLocale":{"name":"Default","description":"The default theme.","creator":"Mozilla","homepageURL":null,"contributors":["Mozilla Contributors"]},"visible":true,"active":true,"userDisabled":false,"appDisabled":false,"descriptor":"C:\\Program Files\\Mozilla Firefox\\browser\\extensions\\{972ce4c6-7e08-4474-a285-3208198ce6fd}.xpi","installDate":1502087858041,"updateDate":1502087858041,"applyBackgroundUpdates":1,"skinnable":true,"size":21899,"sourceURI":null,"releaseNotesURI":null,"softDisabled":false,"foreignInstall":false,"hasBinaryComponents":false,"strictCompatibility":true,"locales":[],"targetApplications":[{"id":"{ec8030f7-c20a-464f-9b0e-13a3a9e97384}","minVersion":"48.0","maxVersion":"48.0"}],"targetPlatforms":[],"seen":true}
1509816581052	addons.xpi	DEBUG	getModTime: Recursive scan of {972ce4c6-7e08-4474-a285-3208198ce6fd}
1509816581054	DeferredSave.extensions.json	DEBUG	Save changes
1509816581054	addons.xpi	DEBUG	Updating database with changes to installed add-ons
1509816581054	addons.xpi-utils	DEBUG	Updating add-on states
1509816581056	addons.xpi-utils	DEBUG	Writing add-ons list
1509816581061	addons.xpi	DEBUG	Registering manifest for C:\Program Files\Mozilla Firefox\browser\features\e10srollout@mozilla.org.xpi
1509816581062	addons.xpi	DEBUG	Calling bootstrap method startup on e10srollout@mozilla.org version 1.0
1509816581062	addons.xpi	DEBUG	Registering manifest for C:\Program Files\Mozilla Firefox\browser\features\firefox@getpocket.com.xpi
1509816581063	addons.xpi	DEBUG	Calling bootstrap method startup on firefox@getpocket.com version 1.0.4
1509816581064	addons.xpi	DEBUG	Registering manifest for C:\Program Files\Mozilla Firefox\browser\features\loop@mozilla.org.xpi
1509816581066	addons.xpi	DEBUG	Calling bootstrap method startup on loop@mozilla.org version 1.4.3
1509816581095	addons.manager	DEBUG	Registering shutdown blocker for XPIProvider
1509816581095	addons.manager	DEBUG	Provider finished startup: XPIProvider
1509816581095	addons.manager	DEBUG	Starting provider: LightweightThemeManager
1509816581096	addons.manager	DEBUG	Registering shutdown blocker for LightweightThemeManager
1509816581096	addons.manager	DEBUG	Provider finished startup: LightweightThemeManager
1509816581096	addons.manager	DEBUG	Starting provider: GMPProvider
1509816581106	addons.manager	DEBUG	Registering shutdown blocker for GMPProvider
1509816581107	addons.manager	DEBUG	Provider finished startup: GMPProvider
1509816581107	addons.manager	DEBUG	Starting provider: PluginProvider
1509816581107	addons.manager	DEBUG	Registering shutdown blocker for PluginProvider
1509816581108	addons.manager	DEBUG	Provider finished startup: PluginProvider
1509816581108	addons.manager	DEBUG	Completed startup sequence
1509816582851	addons.manager	DEBUG	Starting provider: <unnamed-provider>
1509816582852	addons.manager	DEBUG	Registering shutdown blocker for <unnamed-provider>
1509816582852	addons.manager	DEBUG	Provider finished startup: <unnamed-provider>
1509816583429	DeferredSave.extensions.json	DEBUG	Write succeeded
1509816583429	addons.xpi-utils	DEBUG	XPI Database saved, setting schema version preference to 17
1509816583429	DeferredSave.extensions.json	DEBUG	Starting timer
1509816583453	addons.repository	DEBUG	No addons.json found.
1509816583454	DeferredSave.addons.json	DEBUG	Save changes
1509816583458	DeferredSave.addons.json	DEBUG	Starting timer
1509816583589	addons.manager	DEBUG	Starting provider: PreviousExperimentProvider
1509816583589	addons.manager	DEBUG	Registering shutdown blocker for PreviousExperimentProvider
1509816583590	addons.manager	DEBUG	Provider finished startup: PreviousExperimentProvider
1509816583593	DeferredSave.extensions.json	DEBUG	Starting write
1509816583599	DeferredSave.addons.json	DEBUG	Starting write
1509816583658	DeferredSave.extensions.json	DEBUG	Write succeeded
1509816583669	DeferredSave.addons.json	DEBUG	Write succeeded

Build info: version: '2.53.1', revision: 'a36b8b1', time: '2016-06-30 17:37:03'
System info: host: 'com-PC', ip: '192.168.217.1', os.name: 'Windows 7', os.arch: 'x86', os.version: '6.1', java.version: '1.8.0_131'
Driver info: driver.version: FirefoxDriver
	at org.openqa.selenium.firefox.internal.NewProfileExtensionConnection.start(NewProfileExtensionConnection.java:124)
	at org.openqa.selenium.firefox.FirefoxDriver.startClient(FirefoxDriver.java:271)
	at org.openqa.selenium.remote.RemoteWebDriver.<init>(RemoteWebDriver.java:119)
	at org.openqa.selenium.firefox.FirefoxDriver.<init>(FirefoxDriver.java:218)
	at org.openqa.selenium.firefox.FirefoxDriver.<init>(FirefoxDriver.java:211)
	at org.openqa.selenium.firefox.FirefoxDriver.<init>(FirefoxDriver.java:207)
	at org.openqa.selenium.firefox.FirefoxDriver.<init>(FirefoxDriver.java:120)
	at Generic.Ground.openappln(Ground.java:18)
	at sun.reflect.NativeMethodAccessorImpl.invoke0(Native Method)
	at sun.reflect.NativeMethodAccessorImpl.invoke(Unknown Source)
	at sun.reflect.DelegatingMethodAccessorImpl.invoke(Unknown Source)
	at java.lang.reflect.Method.invoke(Unknown Source)
	at org.testng.internal.MethodInvocationHelper.invokeMethod(MethodInvocationHelper.java:85)
	at org.testng.internal.Invoker.invokeConfigurationMethod(Invoker.java:510)
	at org.testng.internal.Invoker.invokeConfigurations(Invoker.java:211)
	at org.testng.internal.Invoker.invokeMethod(Invoker.java:585)
	at org.testng.internal.Invoker.invokeTestMethod(Invoker.java:816)
	at org.testng.internal.Invoker.invokeTestMethods(Invoker.java:1124)
	at org.testng.internal.TestMethodWorker.invokeTestMethods(TestMethodWorker.java:125)
	at org.testng.internal.TestMethodWorker.run(TestMethodWorker.java:108)
	at org.testng.TestRunner.privateRun(TestRunner.java:774)
	at org.testng.TestRunner.run(TestRunner.java:624)
	at org.testng.SuiteRunner.runTest(SuiteRunner.java:359)
	at org.testng.SuiteRunner.runSequentially(SuiteRunner.java:354)
	at org.testng.SuiteRunner.privateRun(SuiteRunner.java:312)
	at org.testng.SuiteRunner.run(SuiteRunner.java:261)
	at org.testng.SuiteRunnerWorker.runSuite(SuiteRunnerWorker.java:52)
	at org.testng.SuiteRunnerWorker.run(SuiteRunnerWorker.java:86)
	at org.testng.TestNG.runSuitesSequentially(TestNG.java:1215)
	at org.testng.TestNG.runSuitesLocally(TestNG.java:1140)
	at org.testng.TestNG.run(TestNG.java:1048)
	at org.testng.remote.AbstractRemoteTestNG.run(AbstractRemoteTestNG.java:114)
	at org.testng.remote.RemoteTestNG.initAndRun(RemoteTestNG.java:251)
	at org.testng.remote.RemoteTestNG.main(RemoteTestNG.java:77)
Caused by: org.openqa.selenium.firefox.NotConnectedException: Unable to connect to host 127.0.0.1 on port 7055 after 45000 ms. Firefox console output:
assic/1.0","updateURL":null,"updateKey":null,"optionsURL":null,"optionsType":null,"aboutURL":null,"icons":{"32":"icon.png","48":"icon.png"},"iconURL":null,"icon64URL":null,"defaultLocale":{"name":"Default","description":"The default theme.","creator":"Mozilla","homepageURL":null,"contributors":["Mozilla Contributors"]},"visible":true,"active":true,"userDisabled":false,"appDisabled":false,"descriptor":"C:\\Program Files\\Mozilla Firefox\\browser\\extensions\\{972ce4c6-7e08-4474-a285-3208198ce6fd}.xpi","installDate":1502087858041,"updateDate":1502087858041,"applyBackgroundUpdates":1,"skinnable":true,"size":21899,"sourceURI":null,"releaseNotesURI":null,"softDisabled":false,"foreignInstall":false,"hasBinaryComponents":false,"strictCompatibility":true,"locales":[],"targetApplications":[{"id":"{ec8030f7-c20a-464f-9b0e-13a3a9e97384}","minVersion":"48.0","maxVersion":"48.0"}],"targetPlatforms":[],"seen":true}
1509816581052	addons.xpi	DEBUG	getModTime: Recursive scan of {972ce4c6-7e08-4474-a285-3208198ce6fd}
1509816581054	DeferredSave.extensions.json	DEBUG	Save changes
1509816581054	addons.xpi	DEBUG	Updating database with changes to installed add-ons
1509816581054	addons.xpi-utils	DEBUG	Updating add-on states
1509816581056	addons.xpi-utils	DEBUG	Writing add-ons list
1509816581061	addons.xpi	DEBUG	Registering manifest for C:\Program Files\Mozilla Firefox\browser\features\e10srollout@mozilla.org.xpi
1509816581062	addons.xpi	DEBUG	Calling bootstrap method startup on e10srollout@mozilla.org version 1.0
1509816581062	addons.xpi	DEBUG	Registering manifest for C:\Program Files\Mozilla Firefox\browser\features\firefox@getpocket.com.xpi
1509816581063	addons.xpi	DEBUG	Calling bootstrap method startup on firefox@getpocket.com version 1.0.4
1509816581064	addons.xpi	DEBUG	Registering manifest for C:\Program Files\Mozilla Firefox\browser\features\loop@mozilla.org.xpi
1509816581066	addons.xpi	DEBUG	Calling bootstrap method startup on loop@mozilla.org version 1.4.3
1509816581095	addons.manager	DEBUG	Registering shutdown blocker for XPIProvider
1509816581095	addons.manager	DEBUG	Provider finished startup: XPIProvider
1509816581095	addons.manager	DEBUG	Starting provider: LightweightThemeManager
1509816581096	addons.manager	DEBUG	Registering shutdown blocker for LightweightThemeManager
1509816581096	addons.manager	DEBUG	Provider finished startup: LightweightThemeManager
1509816581096	addons.manager	DEBUG	Starting provider: GMPProvider
1509816581106	addons.manager	DEBUG	Registering shutdown blocker for GMPProvider
1509816581107	addons.manager	DEBUG	Provider finished startup: GMPProvider
1509816581107	addons.manager	DEBUG	Starting provider: PluginProvider
1509816581107	addons.manager	DEBUG	Registering shutdown blocker for PluginProvider
1509816581108	addons.manager	DEBUG	Provider finished startup: PluginProvider
1509816581108	addons.manager	DEBUG	Completed startup sequence
1509816582851	addons.manager	DEBUG	Starting provider: <unnamed-provider>
1509816582852	addons.manager	DEBUG	Registering shutdown blocker for <unnamed-provider>
1509816582852	addons.manager	DEBUG	Provider finished startup: <unnamed-provider>
1509816583429	DeferredSave.extensions.json	DEBUG	Write succeeded
1509816583429	addons.xpi-utils	DEBUG	XPI Database saved, setting schema version preference to 17
1509816583429	DeferredSave.extensions.json	DEBUG	Starting timer
1509816583453	addons.repository	DEBUG	No addons.json found.
1509816583454	DeferredSave.addons.json	DEBUG	Save changes
1509816583458	DeferredSave.addons.json	DEBUG	Starting timer
1509816583589	addons.manager	DEBUG	Starting provider: PreviousExperimentProvider
1509816583589	addons.manager	DEBUG	Registering shutdown blocker for PreviousExperimentProvider
1509816583590	addons.manager	DEBUG	Provider finished startup: PreviousExperimentProvider
1509816583593	DeferredSave.extensions.json	DEBUG	Starting write
1509816583599	DeferredSave.addons.json	DEBUG	Starting write
1509816583658	DeferredSave.extensions.json	DEBUG	Write succeeded
1509816583669	DeferredSave.addons.json	DEBUG	Write succeeded

	at org.openqa.selenium.firefox.internal.NewProfileExtensionConnection.start(NewProfileExtensionConnection.java:112)
	... 33 more
]]>
    </error>
  </testcase> <!-- signUp -->
</testsuite> <!-- Scribble.SignUp -->
